<?xml version="1.0" encoding="UTF-8"?>
<testng-results skipped="0" failed="0" total="1" passed="1">
  <reporter-output>
  </reporter-output>
  <suite name="Default suite" duration-ms="39525" started-at="2017-01-19T19:45:12Z" finished-at="2017-01-19T19:45:51Z">
    <groups>
    </groups>
    <test name="Default test" duration-ms="39525" started-at="2017-01-19T19:45:12Z" finished-at="2017-01-19T19:45:51Z">
      <class name="org.facebook.facebookTest">
        <test-method status="PASS" signature="facebooklogin()[pri:0, instance:org.facebook.facebookTest@27efef64]" name="facebooklogin" duration-ms="39483" started-at="2017-01-19T14:45:12Z" finished-at="2017-01-19T14:45:51Z">
          <reporter-output>
          </reporter-output>
        </test-method> <!-- facebooklogin -->
      </class> <!-- org.facebook.facebookTest -->
    </test> <!-- Default test -->
  </suite> <!-- Default suite -->
</testng-results>
